10/26/2022, 2:35:03 PM - INFO - Server is running on port: 3030
10/26/2022, 2:35:55 PM - INFO - Server is running on port: 3030
10/26/2022, 2:36:59 PM - DEBUG - auth.service - login with username: guest
10/26/2022, 2:37:00 PM - ERROR - Cannot find users | {}
10/26/2022, 2:37:00 PM - ERROR - Failed to get users | {}
10/26/2022, 2:37:00 PM - ERROR - cannot find boards | {}
10/26/2022, 2:37:00 PM - ERROR - Failed to get boards | {}
10/26/2022, 2:37:00 PM - ERROR - Cannot finding user guest | {}
10/26/2022, 2:37:00 PM - ERROR - Failed to Login ReferenceError: logger is not defined
10/26/2022, 2:37:07 PM - DEBUG - auth.service - login with username: guest
10/26/2022, 2:37:08 PM - ERROR - cannot find boards | {}
10/26/2022, 2:37:08 PM - ERROR - Failed to get boards | {}
10/26/2022, 2:37:08 PM - ERROR - Cannot find users | {}
10/26/2022, 2:37:08 PM - ERROR - Failed to get users | {}
10/26/2022, 2:37:08 PM - ERROR - Cannot finding user guest | {}
10/26/2022, 2:37:08 PM - ERROR - Failed to Login ReferenceError: logger is not defined
3/14/2023, 3:02:42 PM - INFO - Server is running on port: 3030
3/14/2023, 3:03:20 PM - DEBUG - auth.service - login with username: guest
3/14/2023, 3:03:20 PM - ERROR - Cannot find users | {}
3/14/2023, 3:03:20 PM - ERROR - Failed to get users | {}
3/14/2023, 3:03:20 PM - ERROR - Cannot finding user guest | {}
3/14/2023, 3:03:20 PM - ERROR - Failed to Login ReferenceError: logger is not defined
3/14/2023, 3:03:20 PM - ERROR - cannot find boards | {}
3/14/2023, 3:03:20 PM - ERROR - Failed to get boards | {}
3/14/2023, 3:03:56 PM - DEBUG - auth.service - login with username: guest
3/14/2023, 3:03:56 PM - ERROR - Cannot find users | {}
3/14/2023, 3:03:56 PM - ERROR - cannot find boards | {}
3/14/2023, 3:03:56 PM - ERROR - Failed to get users | {}
3/14/2023, 3:03:56 PM - ERROR - Failed to get boards | {}
3/14/2023, 3:03:56 PM - ERROR - Cannot finding user guest | {}
3/14/2023, 3:03:56 PM - ERROR - Failed to Login ReferenceError: logger is not defined
3/14/2023, 3:05:57 PM - INFO - Server is running on port: 3030
3/14/2023, 3:06:02 PM - DEBUG - auth.service - login with username: guest
3/14/2023, 3:06:02 PM - ERROR - cannot find boards | {}
3/14/2023, 3:06:02 PM - ERROR - Cannot find users | {}
3/14/2023, 3:06:02 PM - ERROR - Failed to get boards | {}
3/14/2023, 3:06:02 PM - ERROR - Failed to get users | {}
3/14/2023, 3:06:02 PM - ERROR - Cannot finding user guest | {}
3/14/2023, 3:06:02 PM - ERROR - Failed to Login ReferenceError: logger is not defined
3/14/2023, 3:06:26 PM - DEBUG - auth.service - login with username: guest
3/14/2023, 3:06:26 PM - ERROR - cannot find boards | {}
3/14/2023, 3:06:26 PM - ERROR - Failed to get boards | {}
3/14/2023, 3:06:26 PM - ERROR - Cannot finding user guest | {}
3/14/2023, 3:06:26 PM - ERROR - Failed to Login ReferenceError: logger is not defined
3/14/2023, 3:06:26 PM - ERROR - Cannot find users | {}
3/14/2023, 3:06:26 PM - ERROR - Failed to get users | {}
3/14/2023, 3:07:06 PM - DEBUG - auth.service - login with username: guest
3/14/2023, 3:07:06 PM - ERROR - Cannot find users | {}
3/14/2023, 3:07:06 PM - ERROR - Failed to get users | {}
3/14/2023, 3:07:06 PM - ERROR - Cannot finding user guest | {}
3/14/2023, 3:07:06 PM - ERROR - Failed to Login ReferenceError: logger is not defined
3/14/2023, 3:07:06 PM - ERROR - cannot find boards | {}
3/14/2023, 3:07:06 PM - ERROR - Failed to get boards | {}
3/14/2023, 3:07:15 PM - INFO - Server is running on port: 3030
3/14/2023, 3:07:24 PM - DEBUG - auth.service - login with username: guest
3/14/2023, 3:07:24 PM - ERROR - Cannot find users | {}
3/14/2023, 3:07:24 PM - ERROR - Failed to get users | {}
3/14/2023, 3:07:24 PM - ERROR - Cannot finding user guest | {}
3/14/2023, 3:07:24 PM - ERROR - cannot find boards | {}
3/14/2023, 3:07:24 PM - ERROR - Failed to get boards | {}
3/14/2023, 3:07:24 PM - ERROR - Failed to Login ReferenceError: logger is not defined
3/14/2023, 3:07:49 PM - DEBUG - auth.service - login with username: guest
3/14/2023, 3:07:49 PM - ERROR - Cannot find users | {}
3/14/2023, 3:07:49 PM - ERROR - Failed to get users | {}
3/14/2023, 3:07:49 PM - ERROR - Cannot finding user guest | {}
3/14/2023, 3:07:49 PM - ERROR - Failed to Login ReferenceError: logger is not defined
3/14/2023, 3:07:49 PM - ERROR - cannot find boards | {}
3/14/2023, 3:07:49 PM - ERROR - Failed to get boards | {}
3/14/2023, 3:08:18 PM - DEBUG - auth.service - login with username: guest
3/14/2023, 3:08:18 PM - ERROR - Cannot finding user guest | {}
3/14/2023, 3:08:18 PM - ERROR - Failed to Login ReferenceError: logger is not defined
3/14/2023, 3:08:18 PM - ERROR - Cannot find users | {}
3/14/2023, 3:08:18 PM - ERROR - Failed to get users | {}
3/14/2023, 3:08:18 PM - ERROR - cannot find boards | {}
3/14/2023, 3:08:18 PM - ERROR - Failed to get boards | {}
3/14/2023, 3:08:31 PM - INFO - Server is running on port: 3030
3/14/2023, 3:08:40 PM - DEBUG - auth.service - login with username: guest
3/14/2023, 3:08:40 PM - ERROR - Cannot finding user guest | {}
3/14/2023, 3:08:40 PM - ERROR - Failed to Login ReferenceError: logger is not defined
3/14/2023, 3:08:40 PM - ERROR - Cannot find users | {}
3/14/2023, 3:08:40 PM - ERROR - cannot find boards | {}
3/14/2023, 3:08:40 PM - ERROR - Failed to get users | {}
3/14/2023, 3:08:40 PM - ERROR - Failed to get boards | {}
3/14/2023, 3:09:07 PM - DEBUG - auth.service - login with username: guest
3/14/2023, 3:09:07 PM - ERROR - Cannot find users | {}
3/14/2023, 3:09:07 PM - ERROR - Failed to get users | {}
3/14/2023, 3:09:07 PM - ERROR - Cannot finding user guest | {}
3/14/2023, 3:09:07 PM - ERROR - Failed to Login ReferenceError: logger is not defined
3/14/2023, 3:09:07 PM - ERROR - cannot find boards | {}
3/14/2023, 3:09:07 PM - ERROR - Failed to get boards | {}
3/14/2023, 3:09:21 PM - DEBUG - auth.service - login with username: guest
3/14/2023, 3:09:21 PM - ERROR - Cannot finding user guest | {}
3/14/2023, 3:09:21 PM - ERROR - Failed to Login ReferenceError: logger is not defined
3/14/2023, 3:09:21 PM - ERROR - Cannot find users | {}
3/14/2023, 3:09:21 PM - ERROR - Failed to get users | {}
3/14/2023, 3:09:21 PM - ERROR - cannot find boards | {}
3/14/2023, 3:09:21 PM - ERROR - Failed to get boards | {}
3/14/2023, 3:09:38 PM - DEBUG - auth.service - login with username: guest
3/14/2023, 3:09:38 PM - ERROR - Cannot finding user guest | {}
3/14/2023, 3:09:38 PM - ERROR - Failed to Login ReferenceError: logger is not defined
3/14/2023, 3:09:38 PM - ERROR - Cannot find users | {}
3/14/2023, 3:09:38 PM - ERROR - Failed to get users | {}
3/14/2023, 3:09:38 PM - ERROR - cannot find boards | {}
3/14/2023, 3:09:38 PM - ERROR - Failed to get boards | {}
3/14/2023, 3:09:47 PM - DEBUG - auth.service - login with username: guest
3/14/2023, 3:09:47 PM - ERROR - Cannot finding user guest | {}
3/14/2023, 3:09:47 PM - ERROR - Failed to Login ReferenceError: logger is not defined
3/14/2023, 3:09:47 PM - ERROR - Cannot find users | {}
3/14/2023, 3:09:47 PM - ERROR - Failed to get users | {}
3/14/2023, 3:09:47 PM - ERROR - cannot find boards | {}
3/14/2023, 3:09:47 PM - ERROR - Failed to get boards | {}
3/14/2023, 3:10:22 PM - INFO - Server is running on port: 3030
3/14/2023, 3:10:27 PM - DEBUG - auth.service - login with username: guest
3/14/2023, 3:10:27 PM - ERROR - cannot find boards | {}
3/14/2023, 3:10:27 PM - ERROR - Failed to get boards | {}
3/14/2023, 3:10:27 PM - ERROR - Cannot finding user guest | {}
3/14/2023, 3:10:27 PM - ERROR - Cannot find users | {}
3/14/2023, 3:10:27 PM - ERROR - Failed to get users | {}
3/14/2023, 3:10:27 PM - ERROR - Failed to Login ReferenceError: logger is not defined
3/14/2023, 3:13:03 PM - DEBUG - auth.service - login with username: guest
3/14/2023, 3:13:03 PM - ERROR - Cannot find users | {}
3/14/2023, 3:13:03 PM - ERROR - Failed to get users | {}
3/14/2023, 3:13:03 PM - ERROR - Cannot finding user guest | {}
3/14/2023, 3:13:03 PM - ERROR - Failed to Login ReferenceError: logger is not defined
3/14/2023, 3:13:03 PM - ERROR - cannot find boards | {}
3/14/2023, 3:13:03 PM - ERROR - Failed to get boards | {}
3/14/2023, 3:13:07 PM - DEBUG - auth.service - login with username: guest
3/14/2023, 3:13:07 PM - ERROR - Cannot finding user guest | {}
3/14/2023, 3:13:07 PM - ERROR - Failed to Login ReferenceError: logger is not defined
3/14/2023, 3:13:07 PM - ERROR - Cannot find users | {}
3/14/2023, 3:13:07 PM - ERROR - Failed to get users | {}
3/14/2023, 3:13:07 PM - ERROR - cannot find boards | {}
3/14/2023, 3:13:07 PM - ERROR - Failed to get boards | {}
3/14/2023, 3:13:15 PM - INFO - Server is running on port: 3030
3/14/2023, 3:13:22 PM - DEBUG - auth.service - login with username: guest
3/14/2023, 3:13:22 PM - ERROR - Cannot find users | {}
3/14/2023, 3:13:22 PM - ERROR - Failed to get users | {}
3/14/2023, 3:13:22 PM - ERROR - Cannot finding user guest | {}
3/14/2023, 3:13:22 PM - ERROR - Failed to Login ReferenceError: logger is not defined
3/14/2023, 3:13:22 PM - ERROR - cannot find boards | {}
3/14/2023, 3:13:22 PM - ERROR - Failed to get boards | {}
3/14/2023, 3:14:07 PM - DEBUG - auth.service - login with username: guest
3/14/2023, 3:14:07 PM - ERROR - Cannot find users | {}
3/14/2023, 3:14:07 PM - ERROR - cannot find boards | {}
3/14/2023, 3:14:07 PM - ERROR - Failed to get users | {}
3/14/2023, 3:14:07 PM - ERROR - Failed to get boards | {}
3/14/2023, 3:14:07 PM - ERROR - Cannot finding user guest | {}
3/14/2023, 3:14:07 PM - ERROR - Failed to Login ReferenceError: logger is not defined
3/14/2023, 3:14:14 PM - INFO - Server is running on port: 3030
3/14/2023, 3:14:24 PM - DEBUG - auth.service - login with username: guest
3/14/2023, 3:14:24 PM - ERROR - Cannot find users | {}
3/14/2023, 3:14:24 PM - ERROR - cannot find boards | {}
3/14/2023, 3:14:24 PM - ERROR - Failed to get users | {}
3/14/2023, 3:14:24 PM - ERROR - Failed to get boards | {}
3/14/2023, 3:14:24 PM - ERROR - Cannot finding user guest | {}
3/14/2023, 3:14:24 PM - ERROR - Failed to Login ReferenceError: logger is not defined
3/14/2023, 3:18:30 PM - DEBUG - auth.service - login with username: guest
3/14/2023, 3:18:30 PM - ERROR - Cannot find users | {}
3/14/2023, 3:18:30 PM - ERROR - Failed to get users | {}
3/14/2023, 3:18:30 PM - ERROR - cannot find boards | {}
3/14/2023, 3:18:30 PM - ERROR - Failed to get boards | {}
3/14/2023, 3:18:30 PM - ERROR - Cannot finding user guest | {}
3/14/2023, 3:18:30 PM - ERROR - Failed to Login ReferenceError: logger is not defined
3/14/2023, 3:18:31 PM - DEBUG - auth.service - login with username: guest
3/14/2023, 3:18:31 PM - ERROR - Cannot finding user guest | {}
3/14/2023, 3:18:31 PM - ERROR - Failed to Login ReferenceError: logger is not defined
3/14/2023, 3:18:31 PM - ERROR - Cannot find users | {}
3/14/2023, 3:18:31 PM - ERROR - Failed to get users | {}
3/14/2023, 3:18:31 PM - ERROR - cannot find boards | {}
3/14/2023, 3:18:31 PM - ERROR - Failed to get boards | {}
3/14/2023, 3:18:40 PM - INFO - Server is running on port: 3030
3/14/2023, 3:18:46 PM - DEBUG - auth.service - login with username: guest
3/14/2023, 3:18:46 PM - ERROR - Cannot find users | {}
3/14/2023, 3:18:46 PM - ERROR - cannot find boards | {}
3/14/2023, 3:18:46 PM - ERROR - Failed to get users | {}
3/14/2023, 3:18:46 PM - ERROR - Failed to get boards | {}
3/14/2023, 3:18:46 PM - ERROR - Cannot finding user guest | {}
3/14/2023, 3:18:46 PM - ERROR - Failed to Login ReferenceError: logger is not defined
3/14/2023, 3:19:36 PM - DEBUG - auth.service - login with username: guest
3/14/2023, 3:19:36 PM - ERROR - Cannot finding user guest | {}
3/14/2023, 3:19:36 PM - ERROR - Cannot find users | {}
3/14/2023, 3:19:36 PM - ERROR - Failed to get users | {}
3/14/2023, 3:19:36 PM - ERROR - Failed to Login ReferenceError: logger is not defined
3/14/2023, 3:19:36 PM - ERROR - cannot find boards | {}
3/14/2023, 3:19:36 PM - ERROR - Failed to get boards | {}
3/14/2023, 3:19:52 PM - DEBUG - auth.service - login with username: guest
3/14/2023, 3:19:52 PM - ERROR - Cannot find users | {}
3/14/2023, 3:19:52 PM - ERROR - cannot find boards | {}
3/14/2023, 3:19:52 PM - ERROR - Failed to get users | {}
3/14/2023, 3:19:52 PM - ERROR - Failed to get boards | {}
3/14/2023, 3:19:52 PM - ERROR - Cannot finding user guest | {}
3/14/2023, 3:19:52 PM - ERROR - Failed to Login ReferenceError: logger is not defined
3/14/2023, 3:19:54 PM - DEBUG - auth.service - login with username: guest
3/14/2023, 3:19:54 PM - ERROR - Cannot finding user guest | {}
3/14/2023, 3:19:54 PM - ERROR - Failed to Login ReferenceError: logger is not defined
3/14/2023, 3:19:54 PM - ERROR - cannot find boards | {}
3/14/2023, 3:19:54 PM - ERROR - Failed to get boards | {}
3/14/2023, 3:19:54 PM - ERROR - Cannot find users | {}
3/14/2023, 3:19:54 PM - ERROR - Failed to get users | {}
3/14/2023, 3:20:14 PM - DEBUG - auth.service - login with username: guest
3/14/2023, 3:20:15 PM - ERROR - Cannot finding user guest | {}
3/14/2023, 3:20:15 PM - ERROR - Failed to Login ReferenceError: logger is not defined
3/14/2023, 3:20:15 PM - ERROR - Cannot find users | {}
3/14/2023, 3:20:15 PM - ERROR - Failed to get users | {}
3/14/2023, 3:20:15 PM - ERROR - cannot find boards | {}
3/14/2023, 3:20:15 PM - ERROR - Failed to get boards | {}
3/14/2023, 3:20:21 PM - INFO - Server is running on port: 3030
3/14/2023, 3:20:26 PM - DEBUG - auth.service - login with username: guest
3/14/2023, 3:20:26 PM - ERROR - cannot find boards | {}
3/14/2023, 3:20:26 PM - ERROR - Cannot find users | {}
3/14/2023, 3:20:26 PM - ERROR - Failed to get boards | {}
3/14/2023, 3:20:26 PM - ERROR - Failed to get users | {}
3/14/2023, 3:20:26 PM - ERROR - Cannot finding user guest | {}
3/14/2023, 3:20:26 PM - ERROR - Failed to Login ReferenceError: logger is not defined
3/14/2023, 3:21:19 PM - INFO - Server is running on port: 3030
3/14/2023, 3:21:23 PM - DEBUG - auth.service - login with username: guest
3/14/2023, 3:21:23 PM - ERROR - Cannot find users | {}
3/14/2023, 3:21:23 PM - ERROR - cannot find boards | {}
3/14/2023, 3:21:23 PM - ERROR - Failed to get users | {}
3/14/2023, 3:21:23 PM - ERROR - Failed to get boards | {}
3/14/2023, 3:21:23 PM - ERROR - Cannot finding user guest | {}
3/14/2023, 3:21:23 PM - ERROR - Failed to Login ReferenceError: logger is not defined
3/14/2023, 3:21:24 PM - DEBUG - auth.service - login with username: guest
3/14/2023, 3:21:24 PM - ERROR - Cannot finding user guest | {}
3/14/2023, 3:21:24 PM - ERROR - Failed to Login ReferenceError: logger is not defined
3/14/2023, 3:21:24 PM - ERROR - Cannot find users | {}
3/14/2023, 3:21:24 PM - ERROR - Failed to get users | {}
3/14/2023, 3:21:24 PM - ERROR - cannot find boards | {}
3/14/2023, 3:21:24 PM - ERROR - Failed to get boards | {}
3/14/2023, 3:22:02 PM - INFO - Server is running on port: 3030
3/14/2023, 3:22:18 PM - DEBUG - auth.service - login with username: guest
3/14/2023, 3:22:18 PM - ERROR - Cannot find users | {}
3/14/2023, 3:22:18 PM - ERROR - cannot find boards | {}
3/14/2023, 3:22:18 PM - ERROR - Failed to get users | {}
3/14/2023, 3:22:18 PM - ERROR - Failed to get boards | {}
3/14/2023, 3:22:18 PM - ERROR - Cannot finding user guest | {}
3/14/2023, 3:22:18 PM - ERROR - Failed to Login ReferenceError: logger is not defined
3/14/2023, 3:22:22 PM - ERROR - cannot find boards | {}
3/14/2023, 3:22:22 PM - ERROR - Failed to get boards | {}
3/14/2023, 3:23:20 PM - INFO - Server is running on port: 3030
3/14/2023, 3:23:26 PM - DEBUG - auth.service - login with username: guest
3/14/2023, 3:23:26 PM - ERROR - Cannot find users | {}
3/14/2023, 3:23:26 PM - ERROR - cannot find boards | {}
3/14/2023, 3:23:26 PM - ERROR - Failed to get users | {}
3/14/2023, 3:23:26 PM - ERROR - Failed to get boards | {}
3/14/2023, 3:23:26 PM - ERROR - Cannot finding user guest | {}
3/14/2023, 3:23:26 PM - ERROR - Failed to Login ReferenceError: logger is not defined
3/14/2023, 4:23:16 PM - DEBUG - auth.service - login with username: guest
3/14/2023, 4:23:16 PM - ERROR - Cannot find users | {}
3/14/2023, 4:23:16 PM - ERROR - Failed to get users | {}
3/14/2023, 4:23:16 PM - ERROR - cannot find boards | {}
3/14/2023, 4:23:16 PM - ERROR - Failed to get boards | {}
3/14/2023, 4:23:16 PM - ERROR - Cannot finding user guest | {}
3/14/2023, 4:23:16 PM - ERROR - Failed to Login ReferenceError: logger is not defined
3/14/2023, 4:23:30 PM - INFO - Server is running on port: 3030
3/14/2023, 4:23:34 PM - DEBUG - auth.service - login with username: guest
3/14/2023, 4:23:35 PM - ERROR - Failed to Login Invalid username or password
3/14/2023, 4:23:59 PM - DEBUG - auth.service - login with username: guest
3/14/2023, 4:24:00 PM - ERROR - Failed to Login Invalid username or password
3/14/2023, 4:24:19 PM - DEBUG - auth.service - login with username: guest
3/14/2023, 4:24:19 PM - ERROR - Failed to Login Invalid username or password
3/14/2023, 4:27:42 PM - INFO - Server is running on port: 3030
3/14/2023, 4:27:52 PM - DEBUG - auth.service - login with username: guest
3/14/2023, 4:27:53 PM - ERROR - Failed to Login Invalid username or password
3/14/2023, 4:27:59 PM - DEBUG - auth.service - login with username: guest
3/14/2023, 4:28:00 PM - ERROR - Failed to Login Invalid username or password
3/14/2023, 4:30:31 PM - INFO - Server is running on port: 3030
3/14/2023, 4:30:35 PM - DEBUG - auth.service - login with username: guest
3/14/2023, 4:30:36 PM - ERROR - Failed to Login Invalid username or password
3/14/2023, 4:32:05 PM - DEBUG - auth.service - login with username: guest
3/14/2023, 4:32:05 PM - ERROR - Failed to Login Invalid username or password
3/14/2023, 4:32:14 PM - INFO - Server is running on port: 3030
3/14/2023, 4:33:23 PM - DEBUG - auth.service - login with username: guest
3/14/2023, 4:33:23 PM - ERROR - Failed to Login Invalid username or password
3/14/2023, 4:33:40 PM - DEBUG - auth.service - login with username: guest
3/14/2023, 4:33:40 PM - ERROR - Failed to Login Invalid username or password
3/14/2023, 4:33:47 PM - INFO - Server is running on port: 3030
3/14/2023, 4:33:51 PM - DEBUG - auth.service - login with username: guest
3/14/2023, 4:33:52 PM - ERROR - Failed to Login Invalid username or password
3/14/2023, 4:35:27 PM - DEBUG - auth.service - login with username: guest
3/14/2023, 4:35:27 PM - ERROR - Failed to Login Invalid username or password
3/14/2023, 4:35:41 PM - INFO - Server is running on port: 3030
3/14/2023, 4:36:02 PM - DEBUG - auth.service - login with username: guest
3/14/2023, 4:36:02 PM - ERROR - Failed to Login Invalid username or password
3/14/2023, 4:36:35 PM - DEBUG - auth.service - login with username: guest
3/14/2023, 4:36:35 PM - ERROR - Failed to Login Invalid username or password
3/14/2023, 4:36:49 PM - INFO - Server is running on port: 3030
3/14/2023, 4:36:51 PM - DEBUG - auth.service - login with username: guest
3/14/2023, 4:36:52 PM - ERROR - Failed to Login Invalid username or password
3/14/2023, 4:40:33 PM - DEBUG - auth.service - login with username: guest
3/14/2023, 4:40:33 PM - ERROR - Failed to Login Invalid username or password
3/14/2023, 4:40:38 PM - DEBUG - auth.service - login with username: guest
3/14/2023, 4:40:38 PM - ERROR - Failed to Login Invalid username or password
3/14/2023, 4:40:53 PM - DEBUG - auth.service - signup with username: daniels, fullname: daniel
3/14/2023, 4:40:53 PM - DEBUG - auth.route - new account created: {"username":"daniels","password":"$2b$10$SCtwR15nRrpbI1WWOeChMe9Br4XshWpeaDQFjcDzR7MRPQ4N66XtW","fullname":"daniel","imgUrl":"https://res.cloudinary.com/skello-dev-learning/image/upload/v1643564751/dl6faof1ecyjnfnknkla.svg","_id":"64108775c150c784540814eb"}
3/14/2023, 4:40:53 PM - DEBUG - auth.service - login with username: daniels
3/14/2023, 4:40:53 PM - DEBUG - auth.service - login with username: daniels
3/14/2023, 4:40:54 PM - DEBUG - auth.service - login with username: daniels
3/14/2023, 4:49:28 PM - INFO - Server is running on port: 3030
3/14/2023, 4:49:31 PM - DEBUG - auth.service - login with username: guest
3/14/2023, 4:49:33 PM - ERROR - Failed to Login Invalid username or password
3/14/2023, 4:50:18 PM - INFO - Server is running on port: 3030
3/14/2023, 4:50:26 PM - DEBUG - auth.service - login with username: guest
3/14/2023, 4:50:27 PM - ERROR - Failed to Login Invalid username or password
3/14/2023, 4:50:43 PM - DEBUG - auth.service - signup with username: daniels, fullname: daniel
3/14/2023, 4:50:43 PM - DEBUG - auth.route - new account created: {"username":"daniels","password":"$2b$10$QzzQXats8yiwf3t2D3BnTOQBK2OO5i0EQQPh5Uvg.75GePFWrnfS.","fullname":"daniel","imgUrl":"https://res.cloudinary.com/skello-dev-learning/image/upload/v1643564751/dl6faof1ecyjnfnknkla.svg","_id":"641089c39586fde7ab17e97b"}
3/14/2023, 4:50:43 PM - DEBUG - auth.service - login with username: daniels
3/14/2023, 4:50:43 PM - DEBUG - auth.service - login with username: daniels
3/14/2023, 4:50:43 PM - DEBUG - auth.service - login with username: daniels
3/14/2023, 4:52:55 PM - DEBUG - auth.service - login with username: guest
3/14/2023, 4:52:55 PM - ERROR - Failed to Login Invalid username or password
3/14/2023, 4:53:17 PM - DEBUG - auth.service - login with username: daniels
3/14/2023, 4:59:51 PM - INFO - Server is running on port: 3030
3/14/2023, 6:54:58 PM - DEBUG - auth.service - login with username: guest
3/14/2023, 6:56:53 PM - DEBUG - auth.service - login with username: guest
3/14/2023, 7:09:07 PM - DEBUG - auth.service - login with username: guest
